Arguments: 
  C:\Program Files\nodejs\node.exe C:\Program Files (x86)\Yarn\bin\yarn.js add .

PATH: 
  C:\ProgramData\DockerDesktop\version-bin;C:\Program Files\Docker\Docker\Resources\bin;C:\Program Files (x86)\Worksoft\Certify\Client;C:\Program Files (x86)\Worksoft\Certify\Interface Client\Worksoft\wsTest\ImageMatching\Opencv\x64\vc10\bin;C:\Program Files (x86)\Worksoft\Certify\Interface Client\Worksoft\wsTest\ImageMatching\Opencv\x86\vc10\bin;C:\Program Files (x86)\Common Files\Oracle\Java\javapath;C:\Program Files (x86)\Java\jre1.8.0_25\bin;C:\ProgramData\Oracle\Java\javapath;C:\WINDOWS\system32;C:\WINDOWS;C:\WINDOWS\System32\Wbem;C:\WINDOWS\System32\WindowsPowerShell\v1.0\;C:\Program Files (x86)\WebEx\Productivity Tools;C:\Program Files (x86)\Common Files\AspenTech Shared\;C:\Users\lsilv16\AppData\Roaming\Cloud Foundry;C:\Program Files\Intel\WiFi\bin\;C:\Program Files\Common Files\Intel\WirelessCommon\;C:\Program Files (x86)\Intel\Intel(R) Management Engine Components\DAL;C:\Program Files\Intel\Intel(R) Management Engine Components\DAL;C:\ProgramData\chocolatey\bin;C:\Program Files\nodejs\;C:\Program Files (x86)\Yarn\bin\;C:\Program Files\Git\cmd;C:\Program Files\dotnet\;C:\Users\lsilv16\AppData\Local\Microsoft\WindowsApps;C:\Users\lsilv16\AppData\Local\Programs\Microsoft VS Code\bin;C:\Users\lsilv16\AppData\Local\GitHubDesktop\bin;C:\Users\lsilv16\AppData\Local\hyper\app-3.0.2\resources\bin;C:\Users\lsilv16\AppData\Roaming\npm;C:\Users\lsilv16\AppData\Local\Yarn\bin

Yarn version: 
  1.19.1

Node version: 
  12.12.0

Platform: 
  win32 x64

Trace: 
  Error: unable to get local issuer certificate
      at TLSSocket.onConnectSecure (_tls_wrap.js:1321:34)
      at TLSSocket.emit (events.js:210:5)
      at TLSSocket._finishInit (_tls_wrap.js:794:8)
      at TLSWrap.ssl.onhandshakedone (_tls_wrap.js:608:12)

npm manifest: 
  {
    "name": "desafio2",
    "version": "1.0.0",
    "main": "index.js",
    "license": "MIT",
    "scripts": {
      "dev": "nodemon src/server.js",
      "dev:debug": "nodemon --inspect src/server.js"
    },
    "dependencies": {
      "bcryptjs": "^2.4.3",
      "express": "^4.17.1",
      "jsonwebtoken": "^8.5.1",
      "pg": "^7.12.1",
      "pg-hstore": "^2.3.3",
      "sequelize": "^5.21.1",
      "yup": "^0.27.0"
    },
    "devDependencies": {
      "eslint": "^6.6.0",
      "eslint-config-airbnb-base": "^14.0.0",
      "eslint-config-prettier": "^6.5.0",
      "eslint-plugin-import": "^2.18.2",
      "eslint-plugin-prettier": "^3.1.1",
      "nodemon": "^1.19.4",
      "prettier": "^1.18.2",
      "sequelize-cli": "^5.5.1",
      "sucrase": "^3.10.1"
    }
  }

yarn manifest: 
  No manifest

Lockfile: 
  No lockfile
